app/build/outputs/logs/manifest-merger-debug-report.txt
-- Merging decision tree log ---
manifest
ADDED from AndroidManifest.xml:2:1
	package
		ADDED from AndroidManifest.xml:3:1
		INJECTED from AndroidManifest.xml:0:0
		INJECTED from AndroidManifest.xml:0:0
	android:versionName
		ADDED from AndroidManifest.xml:5:1
	android:versionCode
		ADDED from AndroidManifest.xml:4:1
		INJECTED from AndroidManifest.xml:0:0
		INJECTED from AndroidManifest.xml:0:0
	xmlns:android
		ADDED from AndroidManifest.xml:2:11
uses-sdk
ADDED from AndroidManifest.xml:7:1
MERGED from com.android.support:support-v4:22.1.1:20:5
MERGED from com.android.support:appcompat-v7:22.1.1:20:5
MERGED from com.android.support:support-v4:22.1.1:20:5
	android:targetSdkVersion
		ADDED from AndroidManifest.xml:9:5
		INJECTED from AndroidManifest.xml:0:0
		INJECTED from AndroidManifest.xml:0:0
	android:minSdkVersion
		ADDED from AndroidManifest.xml:8:5
		INJECTED from AndroidManifest.xml:0:0
		INJECTED from AndroidManifest.xml:0:0
permission#android.permission.FLASHLIGHT
ADDED from AndroidManifest.xml:11:1
	android:protectionLevel
		ADDED from AndroidManifest.xml:13:5
	android:permissionGroup
		ADDED from AndroidManifest.xml:12:5
	android:name
		ADDED from AndroidManifest.xml:11:13
uses-permission#android.permission.CAMERA
ADDED from AndroidManifest.xml:14:1
	android:name
		ADDED from AndroidManifest.xml:14:18
uses-feature#android.hardware.camera
ADDED from AndroidManifest.xml:15:1
	android:name
		ADDED from AndroidManifest.xml:15:15
application
ADDED from AndroidManifest.xml:17:1
MERGED from com.android.support:support-v4:22.1.1:22:5
MERGED from com.android.support:appcompat-v7:22.1.1:22:5
MERGED from com.android.support:support-v4:22.1.1:22:5
	android:label
		ADDED from AndroidManifest.xml:20:5
	android:allowBackup
		ADDED from AndroidManifest.xml:18:5
	android:icon
		ADDED from AndroidManifest.xml:19:5
	android:theme
		ADDED from AndroidManifest.xml:21:5
activity#com.chessplayer.morsecodeflash.MainActivity
ADDED from AndroidManifest.xml:22:5
	android:screenOrientation
		ADDED from AndroidManifest.xml:25:9
	android:label
		ADDED from AndroidManifest.xml:26:9
	android:configChanges
		ADDED from AndroidManifest.xml:24:9
	android:name
		ADDED from AndroidManifest.xml:23:9
intent-filter#android.intent.action.MAIN+android.intent.category.LAUNCHER
ADDED from AndroidManifest.xml:27:9
action#android.intent.action.MAIN
ADDED from AndroidManifest.xml:28:13
	android:name
		ADDED from AndroidManifest.xml:28:21
category#android.intent.category.LAUNCHER
ADDED from AndroidManifest.xml:30:13
	android:name
		ADDED from AndroidManifest.xml:30:23